<?xml version="1.0" encoding="UTF-8"?>
<testng-results skipped="0" failed="0" ignored="0" total="1" passed="1">
  <reporter-output>
  </reporter-output>
  <suite name="Default suite" duration-ms="13259" started-at="2020-06-04T08:28:03Z" finished-at="2020-06-04T08:28:16Z">
    <groups>
    </groups>
    <test name="Default test" duration-ms="13259" started-at="2020-06-04T08:28:03Z" finished-at="2020-06-04T08:28:16Z">
      <class name="googlePakage.Google_Class2">
        <test-method status="PASS" signature="beforeMethod()[pri:0, instance:googlePakage.Google_Class2@44c8afef]" name="beforeMethod" is-config="true" duration-ms="4692" started-at="2020-06-04T08:28:03Z" finished-at="2020-06-04T08:28:07Z">
          <reporter-output>
          </reporter-output>
        </test-method> <!-- beforeMethod -->
        <test-method status="PASS" signature="f()[pri:0, instance:googlePakage.Google_Class2@44c8afef]" name="f" duration-ms="6658" started-at="2020-06-04T08:28:07Z" finished-at="2020-06-04T08:28:14Z">
          <reporter-output>
          </reporter-output>
        </test-method> <!-- f -->
        <test-method status="PASS" signature="afterMethod()[pri:0, instance:googlePakage.Google_Class2@44c8afef]" name="afterMethod" is-config="true" duration-ms="1886" started-at="2020-06-04T08:28:14Z" finished-at="2020-06-04T08:28:16Z">
          <reporter-output>
          </reporter-output>
        </test-method> <!-- afterMethod -->
      </class> <!-- googlePakage.Google_Class2 -->
    </test> <!-- Default test -->
  </suite> <!-- Default suite -->
</testng-results>
